<?xml version="1.0" encoding="UTF-8"?>
<coverage generated="1553556529">
  <project timestamp="1553556529">
    <file name="/home/nabil/DevSpace/apacheProjects.test/roadhouse/test/unit/UserTest.php">
      <class name="UserTest" namespace="global">
        <metrics complexity="3" methods="3" coveredmethods="3" conditionals="0" coveredconditionals="0" statements="30" coveredstatements="30" elements="33" coveredelements="33"/>
      </class>
      <line num="6" type="method" name="testLogin" visibility="public" complexity="1" crap="1" count="1"/>
      <line num="10" type="stmt" count="1"/>
      <line num="13" type="stmt" count="1"/>
      <line num="15" type="stmt" count="1"/>
      <line num="17" type="stmt" count="1"/>
      <line num="19" type="stmt" count="1"/>
      <line num="21" type="stmt" count="1"/>
      <line num="23" type="method" name="testRegister" visibility="public" complexity="1" crap="1" count="1"/>
      <line num="27" type="stmt" count="1"/>
      <line num="30" type="stmt" count="1"/>
      <line num="32" type="stmt" count="1"/>
      <line num="35" type="stmt" count="1"/>
      <line num="37" type="stmt" count="1"/>
      <line num="39" type="stmt" count="1"/>
      <line num="41" type="stmt" count="1"/>
      <line num="43" type="stmt" count="1"/>
      <line num="45" type="stmt" count="1"/>
      <line num="47" type="stmt" count="1"/>
      <line num="49" type="stmt" count="1"/>
      <line num="51" type="stmt" count="1"/>
      <line num="53" type="stmt" count="1"/>
      <line num="57" type="stmt" count="1"/>
      <line num="59" type="method" name="testCalc" visibility="public" complexity="1" crap="1" count="1"/>
      <line num="61" type="stmt" count="1"/>
      <line num="64" type="stmt" count="1"/>
      <line num="66" type="stmt" count="1"/>
      <line num="70" type="stmt" count="1"/>
      <line num="72" type="stmt" count="1"/>
      <line num="76" type="stmt" count="1"/>
      <line num="78" type="stmt" count="1"/>
      <line num="82" type="stmt" count="1"/>
      <line num="84" type="stmt" count="1"/>
      <line num="86" type="stmt" count="1"/>
      <metrics loc="87" ncloc="63" classes="1" methods="3" coveredmethods="3" conditionals="0" coveredconditionals="0" statements="30" coveredstatements="30" elements="33" coveredelements="33"/>
    </file>
    <metrics files="1" loc="87" ncloc="63" classes="1" methods="3" coveredmethods="3" conditionals="0" coveredconditionals="0" statements="30" coveredstatements="30" elements="33" coveredelements="33"/>
  </project>
</coverage>
